Build started 10/5/2017 8:55:43 AM.
     1>Project "C:\Users\Tam\Desktop\FALL17_ECE478\csma\build\src\csma.vcxproj" on node 2 (Build target(s)).
     1>ClCompile:
         C:\Program Files (x86)\Microsoft Visual Studio 12.0\VC\bin\CL.exe /c /Zi /nologo /W4 /WX- /Od /Ob0 /Oy- /D _CRT_SECURE_NO_DEPRECATE /D _CRT_NONSTDC_NO_DEPRECATE /D "CMAKE_INTDIR=\"Debug\"" /D _MBCS /Gm- /RTC1 /MDd /GS /fp:precise /Zc:wchar_t /Zc:forScope /Fo"csma.dir\Debug\\" /Fd"csma.dir\Debug\vc120.pdb" /Gd /TP /analyze- /errorReport:prompt C:\Users\Tam\Desktop\FALL17_ECE478\csma\src\main.cpp
         main.cpp
     1>C:\Program Files (x86)\Microsoft Visual Studio 12.0\VC\include\xlocale(337): warning C4530: C++ exception handler used, but unwind semantics are not enabled. Specify /EHsc
     1>C:\Users\Tam\Desktop\FALL17_ECE478\csma\src\main.cpp(137): warning C4018: '<' : signed/unsigned mismatch
     1>C:\Users\Tam\Desktop\FALL17_ECE478\csma\src\main.cpp(139): warning C4244: '=' : conversion from 'double' to 'int', possible loss of data
     1>C:\Users\Tam\Desktop\FALL17_ECE478\csma\src\main.cpp(141): warning C4244: '=' : conversion from 'double' to 'int', possible loss of data
     1>C:\Users\Tam\Desktop\FALL17_ECE478\csma\src\main.cpp(36): warning C4100: 'argv' : unreferenced formal parameter
     1>C:\Users\Tam\Desktop\FALL17_ECE478\csma\src\main.cpp(36): warning C4100: 'argc' : unreferenced formal parameter
     1>C:\Users\Tam\Desktop\FALL17_ECE478\csma\src\main.cpp(67): warning C4189: 'next_active' : local variable is initialized but not referenced
     1>C:\Users\Tam\Desktop\FALL17_ECE478\csma\src\main.cpp(69): warning C4189: 'b_done' : local variable is initialized but not referenced
     1>C:\Users\Tam\Desktop\FALL17_ECE478\csma\src\main.cpp(42): warning C4189: 'tot_slots' : local variable is initialized but not referenced
     1>C:\Users\Tam\Desktop\FALL17_ECE478\csma\src\main.cpp(74): warning C4189: 'CW0' : local variable is initialized but not referenced
     1>C:\Users\Tam\Desktop\FALL17_ECE478\csma\src\main.cpp(66): warning C4189: 'active_node' : local variable is initialized but not referenced
     1>C:\Users\Tam\Desktop\FALL17_ECE478\csma\src\main.cpp(73): warning C4101: 'collisions' : unreferenced local variable
     1>C:\Users\Tam\Desktop\FALL17_ECE478\csma\src\main.cpp(70): warning C4189: 'entry' : local variable is initialized but not referenced
     1>C:\Users\Tam\Desktop\FALL17_ECE478\csma\src\main.cpp(71): warning C4101: 'a_success' : unreferenced local variable
     1>C:\Users\Tam\Desktop\FALL17_ECE478\csma\src\main.cpp(68): warning C4189: 'a_done' : local variable is initialized but not referenced
     1>C:\Users\Tam\Desktop\FALL17_ECE478\csma\src\main.cpp(72): warning C4101: 'c_success' : unreferenced local variable
     1>C:\Users\Tam\Desktop\FALL17_ECE478\csma\src\main.cpp(257): warning C4244: 'initializing' : conversion from 'double' to 'int', possible loss of data
       Link:
         C:\Program Files (x86)\Microsoft Visual Studio 12.0\VC\bin\link.exe /ERRORREPORT:PROMPT /OUT:"C:\Users\Tam\Desktop\FALL17_ECE478\csma\build\src\Debug\csma.exe" /INCREMENTAL /NOLOGO kernel32.lib user32.lib gdi32.lib winspool.lib shell32.lib ole32.lib oleaut32.lib uuid.lib comdlg32.lib advapi32.lib /MANIFEST /MANIFESTUAC:"level='asInvoker' uiAccess='false'" /manifest:embed /DEBUG /PDB:"C:/Users/Tam/Desktop/FALL17_ECE478/csma/build/src/Debug/csma.pdb" /SUBSYSTEM:CONSOLE /TLBID:1 /DYNAMICBASE /NXCOMPAT /IMPLIB:"C:/Users/Tam/Desktop/FALL17_ECE478/csma/build/src/Debug/csma.lib" /MACHINE:X86 /SAFESEH  /machine:X86 csma.dir\Debug\main.obj
         csma.vcxproj -> C:\Users\Tam\Desktop\FALL17_ECE478\csma\build\src\Debug\csma.exe
     1>Done Building Project "C:\Users\Tam\Desktop\FALL17_ECE478\csma\build\src\csma.vcxproj" (Build target(s)).

Build succeeded.

Time Elapsed 00:00:01.08
